0 info it worked if it ends with ok
1 verbose cli [ '/usr/bin/nodejs',
1 verbose cli   '/usr/bin/npm',
1 verbose cli   'install',
1 verbose cli   '--save-dev',
1 verbose cli   'eslint-plugin-gogle' ]
2 info using npm@1.3.10
3 info using node@v0.10.25
4 verbose readDependencies using package.json deps
5 verbose cache add [ 'eslint-plugin-gogle', null ]
6 verbose cache add name=undefined spec="eslint-plugin-gogle" args=["eslint-plugin-gogle",null]
7 verbose parsed url { protocol: null,
7 verbose parsed url   slashes: null,
7 verbose parsed url   auth: null,
7 verbose parsed url   host: null,
7 verbose parsed url   port: null,
7 verbose parsed url   hostname: null,
7 verbose parsed url   hash: null,
7 verbose parsed url   search: null,
7 verbose parsed url   query: null,
7 verbose parsed url   pathname: 'eslint-plugin-gogle',
7 verbose parsed url   path: 'eslint-plugin-gogle',
7 verbose parsed url   href: 'eslint-plugin-gogle' }
8 silly lockFile 683ee162-eslint-plugin-gogle eslint-plugin-gogle
9 verbose lock eslint-plugin-gogle /home/amgg/.npm/683ee162-eslint-plugin-gogle.lock
10 silly lockFile 683ee162-eslint-plugin-gogle eslint-plugin-gogle
11 silly lockFile 683ee162-eslint-plugin-gogle eslint-plugin-gogle
12 verbose addNamed [ 'eslint-plugin-gogle', '' ]
13 verbose addNamed [ null, '*' ]
14 silly lockFile 15788e32-eslint-plugin-gogle eslint-plugin-gogle@
15 verbose lock eslint-plugin-gogle@ /home/amgg/.npm/15788e32-eslint-plugin-gogle.lock
16 silly addNameRange { name: 'eslint-plugin-gogle', range: '*', hasData: false }
17 verbose url raw eslint-plugin-gogle
18 verbose url resolving [ 'https://registry.npmjs.org/', './eslint-plugin-gogle' ]
19 verbose url resolved https://registry.npmjs.org/eslint-plugin-gogle
20 info trying registry request attempt 1 at 22:21:26
21 http GET https://registry.npmjs.org/eslint-plugin-gogle
22 http 404 https://registry.npmjs.org/eslint-plugin-gogle
23 silly registry.get cb [ 404,
23 silly registry.get   { 'content-type': 'application/json',
23 silly registry.get     'cache-control': 'max-age=0',
23 silly registry.get     'content-length': '2',
23 silly registry.get     'accept-ranges': 'bytes',
23 silly registry.get     date: 'Tue, 01 Dec 2015 03:21:26 GMT',
23 silly registry.get     via: '1.1 varnish',
23 silly registry.get     age: '0',
23 silly registry.get     connection: 'keep-alive',
23 silly registry.get     'x-served-by': 'cache-jfk1020-JFK',
23 silly registry.get     'x-cache': 'MISS',
23 silly registry.get     'x-cache-hits': '0',
23 silly registry.get     'x-timer': 'S1448940086.529082,VS0,VE55' } ]
24 silly addNameRange number 2 { name: 'eslint-plugin-gogle', range: '*', hasData: true }
25 silly addNameRange versions [ undefined, [] ]
26 error TypeError: Cannot read property 'latest' of undefined
26 error     at next (/usr/share/npm/lib/cache.js:687:35)
26 error     at /usr/share/npm/lib/cache.js:675:5
26 error     at saved (/usr/share/npm/node_modules/npm-registry-client/lib/get.js:142:7)
26 error     at /usr/lib/nodejs/graceful-fs/polyfills.js:133:7
26 error     at Object.oncomplete (fs.js:107:15)
27 error If you need help, you may report this log at:
27 error     <http://github.com/isaacs/npm/issues>
27 error or email it to:
27 error     <npm-@googlegroups.com>
28 error System Linux 3.16.0-30-generic
29 error command "/usr/bin/nodejs" "/usr/bin/npm" "install" "--save-dev" "eslint-plugin-gogle"
30 error cwd /home/amgg/workspaces/josh/amgg
31 error node -v v0.10.25
32 error npm -v 1.3.10
33 error type non_object_property_load
34 verbose exit [ 1, true ]
